\BOOKMARK [1][-]{section.1}{\376\377\000C\000a\000r\000b\000o\000n\000\040\000F\000r\000e\000e\000\040\000E\000m\000i\000s\000s\000i\000o\000n\000s\000\040\000P\000l\000a\000n}{}% 1
\BOOKMARK [1][-]{section.2}{\376\377\000N\000a\000t\000i\000o\000n\000w\000i\000d\000e\000\040\000T\000r\000e\000n\000d\000s}{}% 2
\BOOKMARK [1][-]{section.3}{\376\377\000C\000u\000r\000r\000e\000n\000t\000\040\000S\000t\000a\000t\000i\000s\000t\000i\000c\000s}{}% 3
\BOOKMARK [1][-]{section.4}{\376\377\000Q\000u\000a\000n\000t\000i\000t\000a\000t\000i\000v\000e\000\040\000D\000a\000t\000a\000\040\000A\000n\000a\000l\000y\000s\000i\000s}{}% 4
\BOOKMARK [1][-]{section.5}{\376\377\000E\000l\000e\000c\000t\000r\000i\000c\000i\000t\000y\000\040\000D\000e\000m\000a\000n\000d\000\040\000F\000o\000r\000e\000c\000a\000s\000t}{}% 5
\BOOKMARK [2][-]{subsection.5.1}{\376\377\000R\000e\000l\000a\000t\000e\000d\000\040\000M\000e\000t\000h\000o\000d\000s}{section.5}% 6
\BOOKMARK [2][-]{subsection.5.2}{\376\377\000M\000e\000t\000h\000o\000d\000s}{section.5}% 7
\BOOKMARK [2][-]{subsection.5.3}{\376\377\000A\000R\000I\000M\000A}{section.5}% 8
\BOOKMARK [2][-]{subsection.5.4}{\376\377\000S\000u\000p\000p\000o\000r\000t\000\040\000V\000e\000c\000t\000o\000r\000\040\000R\000e\000g\000r\000e\000s\000s\000i\000o\000n}{section.5}% 9
\BOOKMARK [2][-]{subsection.5.5}{\376\377\000L\000S\000T\000M}{section.5}% 10
\BOOKMARK [1][-]{section.6}{\376\377\000L\000e\000v\000e\000l\000i\000z\000e\000d\000\040\000C\000o\000s\000t\000\040\000o\000f\000\040\000E\000n\000e\000r\000g\000y}{}% 11
\BOOKMARK [1][-]{section.7}{\376\377\000N\000e\000w\000\040\000s\000o\000u\000r\000c\000e\000s\000\040\000o\000f\000\040\000g\000e\000n\000e\000r\000a\000t\000i\000o\000n}{}% 12
\BOOKMARK [2][-]{subsection.7.1}{\376\377\000W\000i\000n\000d}{section.7}% 13
\BOOKMARK [3][-]{subsubsection.7.1.1}{\376\377\000L\000a\000n\000d}{subsection.7.1}% 14
\BOOKMARK [3][-]{subsubsection.7.1.2}{\376\377\000O\000f\000f\000s\000h\000o\000r\000e}{subsection.7.1}% 15
\BOOKMARK [3][-]{subsubsection.7.1.3}{\376\377\000T\000e\000c\000h\000n\000o\000l\000o\000g\000y\000\040\000\046\000\040\000I\000m\000p\000l\000e\000m\000e\000n\000t\000a\000t\000i\000o\000n}{subsection.7.1}% 16
\BOOKMARK [3][-]{subsubsection.7.1.4}{\376\377\000G\000e\000o\000g\000r\000a\000p\000h\000y\000\040\000o\000f\000\040\000t\000h\000e\000\040\000L\000o\000n\000g\000-\000I\000s\000l\000a\000n\000d\000\040\000A\000r\000e\000a}{subsection.7.1}% 17
\BOOKMARK [2][-]{subsection.7.2}{\376\377\000S\000o\000l\000a\000r}{section.7}% 18
\BOOKMARK [2][-]{subsection.7.3}{\376\377\000G\000e\000o\000t\000h\000e\000r\000m\000a\000l}{section.7}% 19
\BOOKMARK [1][-]{section.8}{\376\377\000M\000a\000i\000n\000t\000e\000n\000a\000n\000c\000e\000\040\000o\000f\000\040\000m\000a\000t\000u\000r\000e\000\040\000t\000e\000c\000h\000n\000o\000l\000o\000g\000i\000e\000s\000\040\000a\000n\000d\000\040\000i\000n\000f\000r\000a\000s\000t\000r\000u\000c\000t\000u\000r\000e}{}% 20
\BOOKMARK [2][-]{subsection.8.1}{\376\377\000N\000u\000c\000l\000e\000a\000r}{section.8}% 21
\BOOKMARK [1][-]{section.9}{\376\377\000P\000o\000l\000i\000c\000y\000\040\000C\000h\000a\000n\000g\000e\000s}{}% 22
\BOOKMARK [2][-]{subsection.9.1}{\376\377\000P\000r\000i\000c\000i\000n\000g\000\040\000C\000h\000a\000n\000g\000e\000s}{section.9}% 23
\BOOKMARK [2][-]{subsection.9.2}{\376\377\000E\000c\000o\000n\000o\000m\000i\000c\000\040\000v\000i\000a\000b\000i\000l\000i\000t\000y}{section.9}% 24
\BOOKMARK [1][-]{section.10}{\376\377\000V\000i\000a\000b\000i\000l\000i\000t\000y\000\040\000\050\000o\000u\000t\000s\000i\000d\000e\000\040\000o\000f\000\040\000f\000i\000n\000a\000n\000c\000i\000a\000l\000\051}{}% 25
\BOOKMARK [2][-]{subsection.10.1}{\376\377\000R\000e\000s\000o\000u\000r\000c\000e\000\040\000c\000o\000n\000s\000t\000r\000a\000i\000n\000t\000s}{section.10}% 26
\BOOKMARK [2][-]{subsection.10.2}{\376\377\000T\000r\000e\000n\000d\000\040\000c\000o\000n\000s\000t\000r\000a\000i\000n\000t\000s}{section.10}% 27
\BOOKMARK [2][-]{subsection.10.3}{\376\377\000L\000o\000c\000a\000t\000i\000o\000n\000\040\000c\000o\000n\000s\000t\000r\000a\000i\000n\000t\000s}{section.10}% 28
\BOOKMARK [1][-]{section.11}{\376\377\000B\000a\000c\000k\000g\000r\000o\000u\000n\000d}{}% 29
\BOOKMARK [2][-]{subsection.11.1}{\376\377\000S\000t\000a\000t\000e\000w\000i\000d\000e\000\040\000E\000n\000e\000r\000g\000y\000\040\000P\000r\000o\000f\000i\000l\000e}{section.11}% 30
\BOOKMARK [2][-]{subsection.11.2}{\376\377\000T\000e\000c\000h\000n\000o\000l\000o\000g\000y}{section.11}% 31
\BOOKMARK [2][-]{subsection.11.3}{\376\377\000P\000o\000l\000i\000c\000y}{section.11}% 32
\BOOKMARK [3][-]{subsubsection.11.3.1}{\376\377\000N\000Y\000S\000U\000N}{subsection.11.3}% 33
\BOOKMARK [3][-]{subsubsection.11.3.2}{\376\377\000T\000a\000x\000\040\000C\000r\000e\000d\000i\000t\000s\000\040\000a\000n\000d\000\040\000S\000u\000b\000s\000i\000d\000i\000e\000s}{subsection.11.3}% 34
\BOOKMARK [2][-]{subsection.11.4}{\376\377\000I\000n\000f\000r\000a\000s\000t\000r\000u\000c\000t\000u\000r\000e}{section.11}% 35
\BOOKMARK [2][-]{subsection.11.5}{\376\377\000C\000o\000n\000t\000r\000o\000l}{section.11}% 36
\BOOKMARK [1][-]{section.12}{\376\377\000L\000i\000m\000i\000t\000a\000t\000i\000o\000n\000s}{}% 37
